Determining if the pthread_create exist failed with the following output:
Change Dir: /home/ruud/catkin_ws/src/pcl_merging/CMakeFiles/CMakeTmp

Run Build Command:/usr/bin/make "cmTryCompileExec1451406704/fast"
/usr/bin/make -f CMakeFiles/cmTryCompileExec1451406704.dir/build.make CMakeFiles/cmTryCompileExec1451406704.dir/build
make[1]: Entering directory `/home/ruud/catkin_ws/src/pcl_merging/CMakeFiles/CMakeTmp'
/usr/bin/cmake -E cmake_progress_report /home/ruud/catkin_ws/src/pcl_merging/CMakeFiles/CMakeTmp/CMakeFiles 1
Building C object CMakeFiles/cmTryCompileExec1451406704.dir/CheckSymbolExists.c.o
/usr/bin/cc    -o CMakeFiles/cmTryCompileExec1451406704.dir/CheckSymbolExists.c.o   -c /home/ruud/catkin_ws/src/pcl_merging/CMakeFiles/CMakeTmp/CheckSymbolExists.c
Linking C executable cmTryCompileExec1451406704
/usr/bin/cmake -E cmake_link_script CMakeFiles/cmTryCompileExec1451406704.dir/link.txt --verbose=1
/usr/bin/cc       CMakeFiles/cmTryCompileExec1451406704.dir/CheckSymbolExists.c.o  -o cmTryCompileExec1451406704 -rdynamic 
CMakeFiles/cmTryCompileExec1451406704.dir/CheckSymbolExists.c.o: In function `main':
CheckSymbolExists.c:(.text+0x16): undefined reference to `pthread_create'
collect2: error: ld returned 1 exit status
make[1]: *** [cmTryCompileExec1451406704] Error 1
make[1]: Leaving directory `/home/ruud/catkin_ws/src/pcl_merging/CMakeFiles/CMakeTmp'
make: *** [cmTryCompileExec1451406704/fast] Error 2

File /home/ruud/catkin_ws/src/pcl_merging/CMakeFiles/CMakeTmp/CheckSymbolExists.c:
/* */
#include <pthread.h>

int main(int argc, char** argv)
{
  (void)argv;
#ifndef pthread_create
  return ((int*)(&pthread_create))[argc];
#else
  (void)argc;
  return 0;
#endif
}

Determining if the function pthread_create exists in the pthreads failed with the following output:
Change Dir: /home/ruud/catkin_ws/src/pcl_merging/CMakeFiles/CMakeTmp

Run Build Command:/usr/bin/make "cmTryCompileExec1029313746/fast"
/usr/bin/make -f CMakeFiles/cmTryCompileExec1029313746.dir/build.make CMakeFiles/cmTryCompileExec1029313746.dir/build
make[1]: Entering directory `/home/ruud/catkin_ws/src/pcl_merging/CMakeFiles/CMakeTmp'
/usr/bin/cmake -E cmake_progress_report /home/ruud/catkin_ws/src/pcl_merging/CMakeFiles/CMakeTmp/CMakeFiles 1
Building C object CMakeFiles/cmTryCompileExec1029313746.dir/CheckFunctionExists.c.o
/usr/bin/cc   -DCHECK_FUNCTION_EXISTS=pthread_create   -o CMakeFiles/cmTryCompileExec1029313746.dir/CheckFunctionExists.c.o   -c /usr/share/cmake-2.8/Modules/CheckFunctionExists.c
Linking C executable cmTryCompileExec1029313746
/usr/bin/cmake -E cmake_link_script CMakeFiles/cmTryCompileExec1029313746.dir/link.txt --verbose=1
/usr/bin/cc   -DCHECK_FUNCTION_EXISTS=pthread_create    CMakeFiles/cmTryCompileExec1029313746.dir/CheckFunctionExists.c.o  -o cmTryCompileExec1029313746 -rdynamic -lpthreads 
/usr/bin/ld: cannot find -lpthreads
collect2: error: ld returned 1 exit status
make[1]: *** [cmTryCompileExec1029313746] Error 1
make[1]: Leaving directory `/home/ruud/catkin_ws/src/pcl_merging/CMakeFiles/CMakeTmp'
make: *** [cmTryCompileExec1029313746/fast] Error 2


